2010-12-03 10:57:25 [INFO] Starting minecraft server version 0.2.7
2010-12-03 10:57:25 [WARNING] **** NOT ENOUGH RAM!
2010-12-03 10:57:25 [WARNING] To start the server with more ram, launch it as "java -Xmx1024M -Xms1024M -jar minecraft_server.jar"
2010-12-03 10:57:25 [INFO] Loading properties
2010-12-03 10:57:25 [WARNING] server.properties does not exist
2010-12-03 10:57:25 [INFO] Generating new properties file
2010-12-03 10:57:25 [INFO] Starting Minecraft server on *:25565
2010-12-03 10:57:25 [SEVERE] Unexpected exception
java.lang.RuntimeException: java.net.SocketException: Unrecognized Windows Sockets error: 0: JVM_Bind
	at dr.<init>(dr.java:32)
	at net.minecraft.server.MinecraftServer.d(SourceFile:114)
	at net.minecraft.server.MinecraftServer.run(SourceFile:191)
	at bx.run(SourceFile:484)
Caused by: java.net.SocketException: Unrecognized Windows Sockets error: 0: JVM_Bind
	at java.net.PlainSocketImpl.socketBind(Native Method)
	at java.net.PlainSocketImpl.bind(Unknown Source)
	at java.net.ServerSocket.bind(Unknown Source)
	at java.net.ServerSocket.<init>(Unknown Source)
	at dr.<init>(dr.java:29)
	... 3 more
